Terminals unused in grammar

   FOR
   LSB
   RSB


Grammar

    0 $accept: program $end

    1 program: decl_list

    2 decl_list: decl_list decl
    3          | decl

    4 decl: var_decl
    5     | fun_decl

    6 var_decl: type_spec ID SEMICOLON
    7         | type_spec ID ASGN expr SEMICOLON

    8 type_spec: VOID
    9          | BOOL
   10          | INT
   11          | FLOAT
   12          | STRING

   13 $@1: %empty

   14 fun_decl: type_spec ID LB params RB $@1 compound_stmt
   15         | type_spec ID LB params RB SEMICOLON

   16 params: param_list
   17       | VOID

   18 param_list: param_list COMMA param
   19           | param

   20 param: type_spec ID
   21      | %empty

   22 $@2: %empty

   23 compound_stmt: LCB $@2 content_list RCB

   24 content_list: content_list content
   25             | %empty

   26 content: var_decl
   27        | stmt

   28 stmt: expr SEMICOLON
   29     | compound_stmt
   30     | if_stmt
   31     | while_stmt
   32     | return_stmt
   33     | print_stmt SEMICOLON

   34 print_stmt: PRINT LB ID RB
   35           | PRINT LB STRING RB

   36 while_stmt: WHILE LB expr RB stmt

   37 if_stmt: IF LB expr RB stmt
   38        | IF LB expr RB stmt ELSE stmt

   39 return_stmt: RET SEMICOLON
   40            | RET expr SEMICOLON

   41 expr: ID ASGN expr
   42     | ID ADDASGN expr
   43     | ID SUBASGN expr
   44     | ID MULASGN expr
   45     | ID DIVASGN expr
   46     | ID MODASGN expr
   47     | expr OR expr
   48     | expr AND expr
   49     | expr EQ expr
   50     | expr NE expr
   51     | expr LTE expr
   52     | expr LT expr
   53     | expr MTE expr
   54     | expr MT expr
   55     | expr ADD expr
   56     | expr SUB expr
   57     | expr MUL expr
   58     | expr DIV expr
   59     | expr MOD expr
   60     | NOT expr
   61     | expr INC
   62     | expr DEC
   63     | LB expr RB
   64     | ID
   65     | ID LB args RB
   66     | TRUE
   67     | FALSE
   68     | I_CONST
   69     | F_CONST
   70     | SUB I_CONST
   71     | SUB F_CONST
   72     | STRING

   73 arg_list: arg_list COMMA expr
   74         | expr

   75 args: arg_list
   76     | %empty


Terminals, with rules where they appear

$end (0) 0
error (256)
PRINT (258) 34 35
IF (259) 37 38
ELSE (260) 38
FOR (261)
WHILE (262) 36
SEMICOLON (263) 6 7 15 28 33 39 40
ADD (264) 55
SUB (265) 56 70 71
MUL (266) 57
DIV (267) 58
MOD (268) 59
INC (269) 61
DEC (270) 62
MT (271) 54
LT (272) 52
MTE (273) 53
LTE (274) 51
EQ (275) 49
NE (276) 50
ASGN (277) 7 41
ADDASGN (278) 42
SUBASGN (279) 43
MULASGN (280) 44
DIVASGN (281) 45
MODASGN (282) 46
AND (283) 48
OR (284) 47
NOT (285) 60
LB (286) 14 15 34 35 36 37 38 63 65
RB (287) 14 15 34 35 36 37 38 63 65
LCB (288) 23
RCB (289) 23
LSB (290)
RSB (291)
COMMA (292) 18 73
TRUE (293) 66
FALSE (294) 67
RET (295) 39 40
I_CONST (296) 68 70
F_CONST (297) 69 71
STRING (298) 12 35 72
ID (299) 6 7 14 15 20 34 41 42 43 44 45 46 64 65
VOID (300) 8 17
INT (301) 10
FLOAT (302) 11
BOOL (303) 9
IFX (304)


Nonterminals, with rules where they appear

$accept (50)
    on left: 0
program (51)
    on left: 1, on right: 0
decl_list (52)
    on left: 2 3, on right: 1 2
decl (53)
    on left: 4 5, on right: 2 3
var_decl (54)
    on left: 6 7, on right: 4 26
type_spec (55)
    on left: 8 9 10 11 12, on right: 6 7 14 15 20
fun_decl (56)
    on left: 14 15, on right: 5
$@1 (57)
    on left: 13, on right: 14
params (58)
    on left: 16 17, on right: 14 15
param_list (59)
    on left: 18 19, on right: 16 18
param (60)
    on left: 20 21, on right: 18 19
compound_stmt (61)
    on left: 23, on right: 14 29
$@2 (62)
    on left: 22, on right: 23
content_list (63)
    on left: 24 25, on right: 23 24
content (64)
    on left: 26 27, on right: 24
stmt (65)
    on left: 28 29 30 31 32 33, on right: 27 36 37 38
print_stmt (66)
    on left: 34 35, on right: 33
while_stmt (67)
    on left: 36, on right: 31
if_stmt (68)
    on left: 37 38, on right: 30
return_stmt (69)
    on left: 39 40, on right: 32
expr (70)
    on left: 41 42 43 44 45 46 47 48 49 50 51 52 53 54 55 56 57 58
    59 60 61 62 63 64 65 66 67 68 69 70 71 72, on right: 7 28 36 37
    38 40 41 42 43 44 45 46 47 48 49 50 51 52 53 54 55 56 57 58 59
    60 61 62 63 73 74
arg_list (71)
    on left: 73 74, on right: 73 75
args (72)
    on left: 75 76, on right: 65


State 0

    0 $accept: . program $end

    STRING  shift, and go to state 1
    VOID    shift, and go to state 2
    INT     shift, and go to state 3
    FLOAT   shift, and go to state 4
    BOOL    shift, and go to state 5

    program    go to state 6
    decl_list  go to state 7
    decl       go to state 8
    var_decl   go to state 9
    type_spec  go to state 10
    fun_decl   go to state 11


State 1

   12 type_spec: STRING .

    $default  reduce using rule 12 (type_spec)


State 2

    8 type_spec: VOID .

    $default  reduce using rule 8 (type_spec)


State 3

   10 type_spec: INT .

    $default  reduce using rule 10 (type_spec)


State 4

   11 type_spec: FLOAT .

    $default  reduce using rule 11 (type_spec)


State 5

    9 type_spec: BOOL .

    $default  reduce using rule 9 (type_spec)


State 6

    0 $accept: program . $end

    $end  shift, and go to state 12


State 7

    1 program: decl_list .
    2 decl_list: decl_list . decl

    STRING  shift, and go to state 1
    VOID    shift, and go to state 2
    INT     shift, and go to state 3
    FLOAT   shift, and go to state 4
    BOOL    shift, and go to state 5

    $default  reduce using rule 1 (program)

    decl       go to state 13
    var_decl   go to state 9
    type_spec  go to state 10
    fun_decl   go to state 11


State 8

    3 decl_list: decl .

    $default  reduce using rule 3 (decl_list)


State 9

    4 decl: var_decl .

    $default  reduce using rule 4 (decl)


State 10

    6 var_decl: type_spec . ID SEMICOLON
    7         | type_spec . ID ASGN expr SEMICOLON
   14 fun_decl: type_spec . ID LB params RB $@1 compound_stmt
   15         | type_spec . ID LB params RB SEMICOLON

    ID  shift, and go to state 14


State 11

    5 decl: fun_decl .

    $default  reduce using rule 5 (decl)


State 12

    0 $accept: program $end .

    $default  accept


State 13

    2 decl_list: decl_list decl .

    $default  reduce using rule 2 (decl_list)


State 14

    6 var_decl: type_spec ID . SEMICOLON
    7         | type_spec ID . ASGN expr SEMICOLON
   14 fun_decl: type_spec ID . LB params RB $@1 compound_stmt
   15         | type_spec ID . LB params RB SEMICOLON

    SEMICOLON  shift, and go to state 15
    ASGN       shift, and go to state 16
    LB         shift, and go to state 17


State 15

    6 var_decl: type_spec ID SEMICOLON .

    $default  reduce using rule 6 (var_decl)


State 16

    7 var_decl: type_spec ID ASGN . expr SEMICOLON

    SUB      shift, and go to state 18
    NOT      shift, and go to state 19
    LB       shift, and go to state 20
    TRUE     shift, and go to state 21
    FALSE    shift, and go to state 22
    I_CONST  shift, and go to state 23
    F_CONST  shift, and go to state 24
    STRING   shift, and go to state 25
    ID       shift, and go to state 26

    expr  go to state 27


State 17

   14 fun_decl: type_spec ID LB . params RB $@1 compound_stmt
   15         | type_spec ID LB . params RB SEMICOLON

    STRING  shift, and go to state 1
    VOID    shift, and go to state 28
    INT     shift, and go to state 3
    FLOAT   shift, and go to state 4
    BOOL    shift, and go to state 5

    $default  reduce using rule 21 (param)

    type_spec   go to state 29
    params      go to state 30
    param_list  go to state 31
    param       go to state 32


State 18

   70 expr: SUB . I_CONST
   71     | SUB . F_CONST

    I_CONST  shift, and go to state 33
    F_CONST  shift, and go to state 34


State 19

   60 expr: NOT . expr

    SUB      shift, and go to state 18
    NOT      shift, and go to state 19
    LB       shift, and go to state 20
    TRUE     shift, and go to state 21
    FALSE    shift, and go to state 22
    I_CONST  shift, and go to state 23
    F_CONST  shift, and go to state 24
    STRING   shift, and go to state 25
    ID       shift, and go to state 26

    expr  go to state 35


State 20

   63 expr: LB . expr RB

    SUB      shift, and go to state 18
    NOT      shift, and go to state 19
    LB       shift, and go to state 20
    TRUE     shift, and go to state 21
    FALSE    shift, and go to state 22
    I_CONST  shift, and go to state 23
    F_CONST  shift, and go to state 24
    STRING   shift, and go to state 25
    ID       shift, and go to state 26

    expr  go to state 36


State 21

   66 expr: TRUE .

    $default  reduce using rule 66 (expr)


State 22

   67 expr: FALSE .

    $default  reduce using rule 67 (expr)


State 23

   68 expr: I_CONST .

    $default  reduce using rule 68 (expr)


State 24

   69 expr: F_CONST .

    $default  reduce using rule 69 (expr)


State 25

   72 expr: STRING .

    $default  reduce using rule 72 (expr)


State 26

   41 expr: ID . ASGN expr
   42     | ID . ADDASGN expr
   43     | ID . SUBASGN expr
   44     | ID . MULASGN expr
   45     | ID . DIVASGN expr
   46     | ID . MODASGN expr
   64     | ID .
   65     | ID . LB args RB

    ASGN     shift, and go to state 37
    ADDASGN  shift, and go to state 38
    SUBASGN  shift, and go to state 39
    MULASGN  shift, and go to state 40
    DIVASGN  shift, and go to state 41
    MODASGN  shift, and go to state 42
    LB       shift, and go to state 43

    $default  reduce using rule 64 (expr)


State 27

    7 var_decl: type_spec ID ASGN expr . SEMICOLON
   47 expr: expr . OR expr
   48     | expr . AND expr
   49     | expr . EQ expr
   50     | expr . NE expr
   51     | expr . LTE expr
   52     | expr . LT expr
   53     | expr . MTE expr
   54     | expr . MT expr
   55     | expr . ADD expr
   56     | expr . SUB expr
   57     | expr . MUL expr
   58     | expr . DIV expr
   59     | expr . MOD expr
   61     | expr . INC
   62     | expr . DEC

    SEMICOLON  shift, and go to state 44
    ADD        shift, and go to state 45
    SUB        shift, and go to state 46
    MUL        shift, and go to state 47
    DIV        shift, and go to state 48
    MOD        shift, and go to state 49
    INC        shift, and go to state 50
    DEC        shift, and go to state 51
    MT         shift, and go to state 52
    LT         shift, and go to state 53
    MTE        shift, and go to state 54
    LTE        shift, and go to state 55
    EQ         shift, and go to state 56
    NE         shift, and go to state 57
    AND        shift, and go to state 58
    OR         shift, and go to state 59


State 28

    8 type_spec: VOID .
   17 params: VOID .

    RB        reduce using rule 17 (params)
    $default  reduce using rule 8 (type_spec)


State 29

   20 param: type_spec . ID

    ID  shift, and go to state 60


State 30

   14 fun_decl: type_spec ID LB params . RB $@1 compound_stmt
   15         | type_spec ID LB params . RB SEMICOLON

    RB  shift, and go to state 61


State 31

   16 params: param_list .
   18 param_list: param_list . COMMA param

    COMMA  shift, and go to state 62

    $default  reduce using rule 16 (params)


State 32

   19 param_list: param .

    $default  reduce using rule 19 (param_list)


State 33

   70 expr: SUB I_CONST .

    $default  reduce using rule 70 (expr)


State 34

   71 expr: SUB F_CONST .

    $default  reduce using rule 71 (expr)


State 35

   47 expr: expr . OR expr
   48     | expr . AND expr
   49     | expr . EQ expr
   50     | expr . NE expr
   51     | expr . LTE expr
   52     | expr . LT expr
   53     | expr . MTE expr
   54     | expr . MT expr
   55     | expr . ADD expr
   56     | expr . SUB expr
   57     | expr . MUL expr
   58     | expr . DIV expr
   59     | expr . MOD expr
   60     | NOT expr .
   61     | expr . INC
   62     | expr . DEC

    INC  error (nonassociative)
    DEC  error (nonassociative)

    $default  reduce using rule 60 (expr)


State 36

   47 expr: expr . OR expr
   48     | expr . AND expr
   49     | expr . EQ expr
   50     | expr . NE expr
   51     | expr . LTE expr
   52     | expr . LT expr
   53     | expr . MTE expr
   54     | expr . MT expr
   55     | expr . ADD expr
   56     | expr . SUB expr
   57     | expr . MUL expr
   58     | expr . DIV expr
   59     | expr . MOD expr
   61     | expr . INC
   62     | expr . DEC
   63     | LB expr . RB

    ADD  shift, and go to state 45
    SUB  shift, and go to state 46
    MUL  shift, and go to state 47
    DIV  shift, and go to state 48
    MOD  shift, and go to state 49
    INC  shift, and go to state 50
    DEC  shift, and go to state 51
    MT   shift, and go to state 52
    LT   shift, and go to state 53
    MTE  shift, and go to state 54
    LTE  shift, and go to state 55
    EQ   shift, and go to state 56
    NE   shift, and go to state 57
    AND  shift, and go to state 58
    OR   shift, and go to state 59
    RB   shift, and go to state 63


State 37

   41 expr: ID ASGN . expr

    SUB      shift, and go to state 18
    NOT      shift, and go to state 19
    LB       shift, and go to state 20
    TRUE     shift, and go to state 21
    FALSE    shift, and go to state 22
    I_CONST  shift, and go to state 23
    F_CONST  shift, and go to state 24
    STRING   shift, and go to state 25
    ID       shift, and go to state 26

    expr  go to state 64


State 38

   42 expr: ID ADDASGN . expr

    SUB      shift, and go to state 18
    NOT      shift, and go to state 19
    LB       shift, and go to state 20
    TRUE     shift, and go to state 21
    FALSE    shift, and go to state 22
    I_CONST  shift, and go to state 23
    F_CONST  shift, and go to state 24
    STRING   shift, and go to state 25
    ID       shift, and go to state 26

    expr  go to state 65


State 39

   43 expr: ID SUBASGN . expr

    SUB      shift, and go to state 18
    NOT      shift, and go to state 19
    LB       shift, and go to state 20
    TRUE     shift, and go to state 21
    FALSE    shift, and go to state 22
    I_CONST  shift, and go to state 23
    F_CONST  shift, and go to state 24
    STRING   shift, and go to state 25
    ID       shift, and go to state 26

    expr  go to state 66


State 40

   44 expr: ID MULASGN . expr

    SUB      shift, and go to state 18
    NOT      shift, and go to state 19
    LB       shift, and go to state 20
    TRUE     shift, and go to state 21
    FALSE    shift, and go to state 22
    I_CONST  shift, and go to state 23
    F_CONST  shift, and go to state 24
    STRING   shift, and go to state 25
    ID       shift, and go to state 26

    expr  go to state 67


State 41

   45 expr: ID DIVASGN . expr

    SUB      shift, and go to state 18
    NOT      shift, and go to state 19
    LB       shift, and go to state 20
    TRUE     shift, and go to state 21
    FALSE    shift, and go to state 22
    I_CONST  shift, and go to state 23
    F_CONST  shift, and go to state 24
    STRING   shift, and go to state 25
    ID       shift, and go to state 26

    expr  go to state 68


State 42

   46 expr: ID MODASGN . expr

    SUB      shift, and go to state 18
    NOT      shift, and go to state 19
    LB       shift, and go to state 20
    TRUE     shift, and go to state 21
    FALSE    shift, and go to state 22
    I_CONST  shift, and go to state 23
    F_CONST  shift, and go to state 24
    STRING   shift, and go to state 25
    ID       shift, and go to state 26

    expr  go to state 69


State 43

   65 expr: ID LB . args RB

    SUB      shift, and go to state 18
    NOT      shift, and go to state 19
    LB       shift, and go to state 20
    TRUE     shift, and go to state 21
    FALSE    shift, and go to state 22
    I_CONST  shift, and go to state 23
    F_CONST  shift, and go to state 24
    STRING   shift, and go to state 25
    ID       shift, and go to state 26

    $default  reduce using rule 76 (args)

    expr      go to state 70
    arg_list  go to state 71
    args      go to state 72


State 44

    7 var_decl: type_spec ID ASGN expr SEMICOLON .

    $default  reduce using rule 7 (var_decl)


State 45

   55 expr: expr ADD . expr

    SUB      shift, and go to state 18
    NOT      shift, and go to state 19
    LB       shift, and go to state 20
    TRUE     shift, and go to state 21
    FALSE    shift, and go to state 22
    I_CONST  shift, and go to state 23
    F_CONST  shift, and go to state 24
    STRING   shift, and go to state 25
    ID       shift, and go to state 26

    expr  go to state 73


State 46

   56 expr: expr SUB . expr

    SUB      shift, and go to state 18
    NOT      shift, and go to state 19
    LB       shift, and go to state 20
    TRUE     shift, and go to state 21
    FALSE    shift, and go to state 22
    I_CONST  shift, and go to state 23
    F_CONST  shift, and go to state 24
    STRING   shift, and go to state 25
    ID       shift, and go to state 26

    expr  go to state 74


State 47

   57 expr: expr MUL . expr

    SUB      shift, and go to state 18
    NOT      shift, and go to state 19
    LB       shift, and go to state 20
    TRUE     shift, and go to state 21
    FALSE    shift, and go to state 22
    I_CONST  shift, and go to state 23
    F_CONST  shift, and go to state 24
    STRING   shift, and go to state 25
    ID       shift, and go to state 26

    expr  go to state 75


State 48

   58 expr: expr DIV . expr

    SUB      shift, and go to state 18
    NOT      shift, and go to state 19
    LB       shift, and go to state 20
    TRUE     shift, and go to state 21
    FALSE    shift, and go to state 22
    I_CONST  shift, and go to state 23
    F_CONST  shift, and go to state 24
    STRING   shift, and go to state 25
    ID       shift, and go to state 26

    expr  go to state 76


State 49

   59 expr: expr MOD . expr

    SUB      shift, and go to state 18
    NOT      shift, and go to state 19
    LB       shift, and go to state 20
    TRUE     shift, and go to state 21
    FALSE    shift, and go to state 22
    I_CONST  shift, and go to state 23
    F_CONST  shift, and go to state 24
    STRING   shift, and go to state 25
    ID       shift, and go to state 26

    expr  go to state 77


State 50

   61 expr: expr INC .

    $default  reduce using rule 61 (expr)


State 51

   62 expr: expr DEC .

    $default  reduce using rule 62 (expr)


State 52

   54 expr: expr MT . expr

    SUB      shift, and go to state 18
    NOT      shift, and go to state 19
    LB       shift, and go to state 20
    TRUE     shift, and go to state 21
    FALSE    shift, and go to state 22
    I_CONST  shift, and go to state 23
    F_CONST  shift, and go to state 24
    STRING   shift, and go to state 25
    ID       shift, and go to state 26

    expr  go to state 78


State 53

   52 expr: expr LT . expr

    SUB      shift, and go to state 18
    NOT      shift, and go to state 19
    LB       shift, and go to state 20
    TRUE     shift, and go to state 21
    FALSE    shift, and go to state 22
    I_CONST  shift, and go to state 23
    F_CONST  shift, and go to state 24
    STRING   shift, and go to state 25
    ID       shift, and go to state 26

    expr  go to state 79


State 54

   53 expr: expr MTE . expr

    SUB      shift, and go to state 18
    NOT      shift, and go to state 19
    LB       shift, and go to state 20
    TRUE     shift, and go to state 21
    FALSE    shift, and go to state 22
    I_CONST  shift, and go to state 23
    F_CONST  shift, and go to state 24
    STRING   shift, and go to state 25
    ID       shift, and go to state 26

    expr  go to state 80


State 55

   51 expr: expr LTE . expr

    SUB      shift, and go to state 18
    NOT      shift, and go to state 19
    LB       shift, and go to state 20
    TRUE     shift, and go to state 21
    FALSE    shift, and go to state 22
    I_CONST  shift, and go to state 23
    F_CONST  shift, and go to state 24
    STRING   shift, and go to state 25
    ID       shift, and go to state 26

    expr  go to state 81


State 56

   49 expr: expr EQ . expr

    SUB      shift, and go to state 18
    NOT      shift, and go to state 19
    LB       shift, and go to state 20
    TRUE     shift, and go to state 21
    FALSE    shift, and go to state 22
    I_CONST  shift, and go to state 23
    F_CONST  shift, and go to state 24
    STRING   shift, and go to state 25
    ID       shift, and go to state 26

    expr  go to state 82


State 57

   50 expr: expr NE . expr

    SUB      shift, and go to state 18
    NOT      shift, and go to state 19
    LB       shift, and go to state 20
    TRUE     shift, and go to state 21
    FALSE    shift, and go to state 22
    I_CONST  shift, and go to state 23
    F_CONST  shift, and go to state 24
    STRING   shift, and go to state 25
    ID       shift, and go to state 26

    expr  go to state 83


State 58

   48 expr: expr AND . expr

    SUB      shift, and go to state 18
    NOT      shift, and go to state 19
    LB       shift, and go to state 20
    TRUE     shift, and go to state 21
    FALSE    shift, and go to state 22
    I_CONST  shift, and go to state 23
    F_CONST  shift, and go to state 24
    STRING   shift, and go to state 25
    ID       shift, and go to state 26

    expr  go to state 84


State 59

   47 expr: expr OR . expr

    SUB      shift, and go to state 18
    NOT      shift, and go to state 19
    LB       shift, and go to state 20
    TRUE     shift, and go to state 21
    FALSE    shift, and go to state 22
    I_CONST  shift, and go to state 23
    F_CONST  shift, and go to state 24
    STRING   shift, and go to state 25
    ID       shift, and go to state 26

    expr  go to state 85


State 60

   20 param: type_spec ID .

    $default  reduce using rule 20 (param)


State 61

   14 fun_decl: type_spec ID LB params RB . $@1 compound_stmt
   15         | type_spec ID LB params RB . SEMICOLON

    SEMICOLON  shift, and go to state 86

    $default  reduce using rule 13 ($@1)

    $@1  go to state 87


State 62

   18 param_list: param_list COMMA . param

    STRING  shift, and go to state 1
    VOID    shift, and go to state 2
    INT     shift, and go to state 3
    FLOAT   shift, and go to state 4
    BOOL    shift, and go to state 5

    $default  reduce using rule 21 (param)

    type_spec  go to state 29
    param      go to state 88


State 63

   63 expr: LB expr RB .

    $default  reduce using rule 63 (expr)


State 64

   41 expr: ID ASGN expr .
   47     | expr . OR expr
   48     | expr . AND expr
   49     | expr . EQ expr
   50     | expr . NE expr
   51     | expr . LTE expr
   52     | expr . LT expr
   53     | expr . MTE expr
   54     | expr . MT expr
   55     | expr . ADD expr
   56     | expr . SUB expr
   57     | expr . MUL expr
   58     | expr . DIV expr
   59     | expr . MOD expr
   61     | expr . INC
   62     | expr . DEC

    ADD  shift, and go to state 45
    SUB  shift, and go to state 46
    MUL  shift, and go to state 47
    DIV  shift, and go to state 48
    MOD  shift, and go to state 49
    INC  shift, and go to state 50
    DEC  shift, and go to state 51
    MT   shift, and go to state 52
    LT   shift, and go to state 53
    MTE  shift, and go to state 54
    LTE  shift, and go to state 55
    EQ   shift, and go to state 56
    NE   shift, and go to state 57
    AND  shift, and go to state 58
    OR   shift, and go to state 59

    $default  reduce using rule 41 (expr)


State 65

   42 expr: ID ADDASGN expr .
   47     | expr . OR expr
   48     | expr . AND expr
   49     | expr . EQ expr
   50     | expr . NE expr
   51     | expr . LTE expr
   52     | expr . LT expr
   53     | expr . MTE expr
   54     | expr . MT expr
   55     | expr . ADD expr
   56     | expr . SUB expr
   57     | expr . MUL expr
   58     | expr . DIV expr
   59     | expr . MOD expr
   61     | expr . INC
   62     | expr . DEC

    ADD  shift, and go to state 45
    SUB  shift, and go to state 46
    MUL  shift, and go to state 47
    DIV  shift, and go to state 48
    MOD  shift, and go to state 49
    INC  shift, and go to state 50
    DEC  shift, and go to state 51
    MT   shift, and go to state 52
    LT   shift, and go to state 53
    MTE  shift, and go to state 54
    LTE  shift, and go to state 55
    EQ   shift, and go to state 56
    NE   shift, and go to state 57
    AND  shift, and go to state 58
    OR   shift, and go to state 59

    $default  reduce using rule 42 (expr)


State 66

   43 expr: ID SUBASGN expr .
   47     | expr . OR expr
   48     | expr . AND expr
   49     | expr . EQ expr
   50     | expr . NE expr
   51     | expr . LTE expr
   52     | expr . LT expr
   53     | expr . MTE expr
   54     | expr . MT expr
   55     | expr . ADD expr
   56     | expr . SUB expr
   57     | expr . MUL expr
   58     | expr . DIV expr
   59     | expr . MOD expr
   61     | expr . INC
   62     | expr . DEC

    ADD  shift, and go to state 45
    SUB  shift, and go to state 46
    MUL  shift, and go to state 47
    DIV  shift, and go to state 48
    MOD  shift, and go to state 49
    INC  shift, and go to state 50
    DEC  shift, and go to state 51
    MT   shift, and go to state 52
    LT   shift, and go to state 53
    MTE  shift, and go to state 54
    LTE  shift, and go to state 55
    EQ   shift, and go to state 56
    NE   shift, and go to state 57
    AND  shift, and go to state 58
    OR   shift, and go to state 59

    $default  reduce using rule 43 (expr)


State 67

   44 expr: ID MULASGN expr .
   47     | expr . OR expr
   48     | expr . AND expr
   49     | expr . EQ expr
   50     | expr . NE expr
   51     | expr . LTE expr
   52     | expr . LT expr
   53     | expr . MTE expr
   54     | expr . MT expr
   55     | expr . ADD expr
   56     | expr . SUB expr
   57     | expr . MUL expr
   58     | expr . DIV expr
   59     | expr . MOD expr
   61     | expr . INC
   62     | expr . DEC

    ADD  shift, and go to state 45
    SUB  shift, and go to state 46
    MUL  shift, and go to state 47
    DIV  shift, and go to state 48
    MOD  shift, and go to state 49
    INC  shift, and go to state 50
    DEC  shift, and go to state 51
    MT   shift, and go to state 52
    LT   shift, and go to state 53
    MTE  shift, and go to state 54
    LTE  shift, and go to state 55
    EQ   shift, and go to state 56
    NE   shift, and go to state 57
    AND  shift, and go to state 58
    OR   shift, and go to state 59

    $default  reduce using rule 44 (expr)


State 68

   45 expr: ID DIVASGN expr .
   47     | expr . OR expr
   48     | expr . AND expr
   49     | expr . EQ expr
   50     | expr . NE expr
   51     | expr . LTE expr
   52     | expr . LT expr
   53     | expr . MTE expr
   54     | expr . MT expr
   55     | expr . ADD expr
   56     | expr . SUB expr
   57     | expr . MUL expr
   58     | expr . DIV expr
   59     | expr . MOD expr
   61     | expr . INC
   62     | expr . DEC

    ADD  shift, and go to state 45
    SUB  shift, and go to state 46
    MUL  shift, and go to state 47
    DIV  shift, and go to state 48
    MOD  shift, and go to state 49
    INC  shift, and go to state 50
    DEC  shift, and go to state 51
    MT   shift, and go to state 52
    LT   shift, and go to state 53
    MTE  shift, and go to state 54
    LTE  shift, and go to state 55
    EQ   shift, and go to state 56
    NE   shift, and go to state 57
    AND  shift, and go to state 58
    OR   shift, and go to state 59

    $default  reduce using rule 45 (expr)


State 69

   46 expr: ID MODASGN expr .
   47     | expr . OR expr
   48     | expr . AND expr
   49     | expr . EQ expr
   50     | expr . NE expr
   51     | expr . LTE expr
   52     | expr . LT expr
   53     | expr . MTE expr
   54     | expr . MT expr
   55     | expr . ADD expr
   56     | expr . SUB expr
   57     | expr . MUL expr
   58     | expr . DIV expr
   59     | expr . MOD expr
   61     | expr . INC
   62     | expr . DEC

    ADD  shift, and go to state 45
    SUB  shift, and go to state 46
    MUL  shift, and go to state 47
    DIV  shift, and go to state 48
    MOD  shift, and go to state 49
    INC  shift, and go to state 50
    DEC  shift, and go to state 51
    MT   shift, and go to state 52
    LT   shift, and go to state 53
    MTE  shift, and go to state 54
    LTE  shift, and go to state 55
    EQ   shift, and go to state 56
    NE   shift, and go to state 57
    AND  shift, and go to state 58
    OR   shift, and go to state 59

    $default  reduce using rule 46 (expr)


State 70

   47 expr: expr . OR expr
   48     | expr . AND expr
   49     | expr . EQ expr
   50     | expr . NE expr
   51     | expr . LTE expr
   52     | expr . LT expr
   53     | expr . MTE expr
   54     | expr . MT expr
   55     | expr . ADD expr
   56     | expr . SUB expr
   57     | expr . MUL expr
   58     | expr . DIV expr
   59     | expr . MOD expr
   61     | expr . INC
   62     | expr . DEC
   74 arg_list: expr .

    ADD  shift, and go to state 45
    SUB  shift, and go to state 46
    MUL  shift, and go to state 47
    DIV  shift, and go to state 48
    MOD  shift, and go to state 49
    INC  shift, and go to state 50
    DEC  shift, and go to state 51
    MT   shift, and go to state 52
    LT   shift, and go to state 53
    MTE  shift, and go to state 54
    LTE  shift, and go to state 55
    EQ   shift, and go to state 56
    NE   shift, and go to state 57
    AND  shift, and go to state 58
    OR   shift, and go to state 59

    $default  reduce using rule 74 (arg_list)


State 71

   73 arg_list: arg_list . COMMA expr
   75 args: arg_list .

    COMMA  shift, and go to state 89

    $default  reduce using rule 75 (args)


State 72

   65 expr: ID LB args . RB

    RB  shift, and go to state 90


State 73

   47 expr: expr . OR expr
   48     | expr . AND expr
   49     | expr . EQ expr
   50     | expr . NE expr
   51     | expr . LTE expr
   52     | expr . LT expr
   53     | expr . MTE expr
   54     | expr . MT expr
   55     | expr . ADD expr
   55     | expr ADD expr .
   56     | expr . SUB expr
   57     | expr . MUL expr
   58     | expr . DIV expr
   59     | expr . MOD expr
   61     | expr . INC
   62     | expr . DEC

    MUL  shift, and go to state 47
    DIV  shift, and go to state 48
    MOD  shift, and go to state 49
    INC  shift, and go to state 50
    DEC  shift, and go to state 51

    $default  reduce using rule 55 (expr)


State 74

   47 expr: expr . OR expr
   48     | expr . AND expr
   49     | expr . EQ expr
   50     | expr . NE expr
   51     | expr . LTE expr
   52     | expr . LT expr
   53     | expr . MTE expr
   54     | expr . MT expr
   55     | expr . ADD expr
   56     | expr . SUB expr
   56     | expr SUB expr .
   57     | expr . MUL expr
   58     | expr . DIV expr
   59     | expr . MOD expr
   61     | expr . INC
   62     | expr . DEC

    MUL  shift, and go to state 47
    DIV  shift, and go to state 48
    MOD  shift, and go to state 49
    INC  shift, and go to state 50
    DEC  shift, and go to state 51

    $default  reduce using rule 56 (expr)


State 75

   47 expr: expr . OR expr
   48     | expr . AND expr
   49     | expr . EQ expr
   50     | expr . NE expr
   51     | expr . LTE expr
   52     | expr . LT expr
   53     | expr . MTE expr
   54     | expr . MT expr
   55     | expr . ADD expr
   56     | expr . SUB expr
   57     | expr . MUL expr
   57     | expr MUL expr .
   58     | expr . DIV expr
   59     | expr . MOD expr
   61     | expr . INC
   62     | expr . DEC

    INC  shift, and go to state 50
    DEC  shift, and go to state 51

    $default  reduce using rule 57 (expr)


State 76

   47 expr: expr . OR expr
   48     | expr . AND expr
   49     | expr . EQ expr
   50     | expr . NE expr
   51     | expr . LTE expr
   52     | expr . LT expr
   53     | expr . MTE expr
   54     | expr . MT expr
   55     | expr . ADD expr
   56     | expr . SUB expr
   57     | expr . MUL expr
   58     | expr . DIV expr
   58     | expr DIV expr .
   59     | expr . MOD expr
   61     | expr . INC
   62     | expr . DEC

    INC  shift, and go to state 50
    DEC  shift, and go to state 51

    $default  reduce using rule 58 (expr)


State 77

   47 expr: expr . OR expr
   48     | expr . AND expr
   49     | expr . EQ expr
   50     | expr . NE expr
   51     | expr . LTE expr
   52     | expr . LT expr
   53     | expr . MTE expr
   54     | expr . MT expr
   55     | expr . ADD expr
   56     | expr . SUB expr
   57     | expr . MUL expr
   58     | expr . DIV expr
   59     | expr . MOD expr
   59     | expr MOD expr .
   61     | expr . INC
   62     | expr . DEC

    INC  shift, and go to state 50
    DEC  shift, and go to state 51

    $default  reduce using rule 59 (expr)


State 78

   47 expr: expr . OR expr
   48     | expr . AND expr
   49     | expr . EQ expr
   50     | expr . NE expr
   51     | expr . LTE expr
   52     | expr . LT expr
   53     | expr . MTE expr
   54     | expr . MT expr
   54     | expr MT expr .
   55     | expr . ADD expr
   56     | expr . SUB expr
   57     | expr . MUL expr
   58     | expr . DIV expr
   59     | expr . MOD expr
   61     | expr . INC
   62     | expr . DEC

    ADD  shift, and go to state 45
    SUB  shift, and go to state 46
    MUL  shift, and go to state 47
    DIV  shift, and go to state 48
    MOD  shift, and go to state 49
    INC  shift, and go to state 50
    DEC  shift, and go to state 51

    $default  reduce using rule 54 (expr)


State 79

   47 expr: expr . OR expr
   48     | expr . AND expr
   49     | expr . EQ expr
   50     | expr . NE expr
   51     | expr . LTE expr
   52     | expr . LT expr
   52     | expr LT expr .
   53     | expr . MTE expr
   54     | expr . MT expr
   55     | expr . ADD expr
   56     | expr . SUB expr
   57     | expr . MUL expr
   58     | expr . DIV expr
   59     | expr . MOD expr
   61     | expr . INC
   62     | expr . DEC

    ADD  shift, and go to state 45
    SUB  shift, and go to state 46
    MUL  shift, and go to state 47
    DIV  shift, and go to state 48
    MOD  shift, and go to state 49
    INC  shift, and go to state 50
    DEC  shift, and go to state 51

    $default  reduce using rule 52 (expr)


State 80

   47 expr: expr . OR expr
   48     | expr . AND expr
   49     | expr . EQ expr
   50     | expr . NE expr
   51     | expr . LTE expr
   52     | expr . LT expr
   53     | expr . MTE expr
   53     | expr MTE expr .
   54     | expr . MT expr
   55     | expr . ADD expr
   56     | expr . SUB expr
   57     | expr . MUL expr
   58     | expr . DIV expr
   59     | expr . MOD expr
   61     | expr . INC
   62     | expr . DEC

    ADD  shift, and go to state 45
    SUB  shift, and go to state 46
    MUL  shift, and go to state 47
    DIV  shift, and go to state 48
    MOD  shift, and go to state 49
    INC  shift, and go to state 50
    DEC  shift, and go to state 51

    $default  reduce using rule 53 (expr)


State 81

   47 expr: expr . OR expr
   48     | expr . AND expr
   49     | expr . EQ expr
   50     | expr . NE expr
   51     | expr . LTE expr
   51     | expr LTE expr .
   52     | expr . LT expr
   53     | expr . MTE expr
   54     | expr . MT expr
   55     | expr . ADD expr
   56     | expr . SUB expr
   57     | expr . MUL expr
   58     | expr . DIV expr
   59     | expr . MOD expr
   61     | expr . INC
   62     | expr . DEC

    ADD  shift, and go to state 45
    SUB  shift, and go to state 46
    MUL  shift, and go to state 47
    DIV  shift, and go to state 48
    MOD  shift, and go to state 49
    INC  shift, and go to state 50
    DEC  shift, and go to state 51

    $default  reduce using rule 51 (expr)


State 82

   47 expr: expr . OR expr
   48     | expr . AND expr
   49     | expr . EQ expr
   49     | expr EQ expr .
   50     | expr . NE expr
   51     | expr . LTE expr
   52     | expr . LT expr
   53     | expr . MTE expr
   54     | expr . MT expr
   55     | expr . ADD expr
   56     | expr . SUB expr
   57     | expr . MUL expr
   58     | expr . DIV expr
   59     | expr . MOD expr
   61     | expr . INC
   62     | expr . DEC

    ADD  shift, and go to state 45
    SUB  shift, and go to state 46
    MUL  shift, and go to state 47
    DIV  shift, and go to state 48
    MOD  shift, and go to state 49
    INC  shift, and go to state 50
    DEC  shift, and go to state 51
    MT   shift, and go to state 52
    LT   shift, and go to state 53
    MTE  shift, and go to state 54
    LTE  shift, and go to state 55

    $default  reduce using rule 49 (expr)


State 83

   47 expr: expr . OR expr
   48     | expr . AND expr
   49     | expr . EQ expr
   50     | expr . NE expr
   50     | expr NE expr .
   51     | expr . LTE expr
   52     | expr . LT expr
   53     | expr . MTE expr
   54     | expr . MT expr
   55     | expr . ADD expr
   56     | expr . SUB expr
   57     | expr . MUL expr
   58     | expr . DIV expr
   59     | expr . MOD expr
   61     | expr . INC
   62     | expr . DEC

    ADD  shift, and go to state 45
    SUB  shift, and go to state 46
    MUL  shift, and go to state 47
    DIV  shift, and go to state 48
    MOD  shift, and go to state 49
    INC  shift, and go to state 50
    DEC  shift, and go to state 51
    MT   shift, and go to state 52
    LT   shift, and go to state 53
    MTE  shift, and go to state 54
    LTE  shift, and go to state 55

    $default  reduce using rule 50 (expr)


State 84

   47 expr: expr . OR expr
   48     | expr . AND expr
   48     | expr AND expr .
   49     | expr . EQ expr
   50     | expr . NE expr
   51     | expr . LTE expr
   52     | expr . LT expr
   53     | expr . MTE expr
   54     | expr . MT expr
   55     | expr . ADD expr
   56     | expr . SUB expr
   57     | expr . MUL expr
   58     | expr . DIV expr
   59     | expr . MOD expr
   61     | expr . INC
   62     | expr . DEC

    ADD  shift, and go to state 45
    SUB  shift, and go to state 46
    MUL  shift, and go to state 47
    DIV  shift, and go to state 48
    MOD  shift, and go to state 49
    INC  shift, and go to state 50
    DEC  shift, and go to state 51
    MT   shift, and go to state 52
    LT   shift, and go to state 53
    MTE  shift, and go to state 54
    LTE  shift, and go to state 55

    $default  reduce using rule 48 (expr)


State 85

   47 expr: expr . OR expr
   47     | expr OR expr .
   48     | expr . AND expr
   49     | expr . EQ expr
   50     | expr . NE expr
   51     | expr . LTE expr
   52     | expr . LT expr
   53     | expr . MTE expr
   54     | expr . MT expr
   55     | expr . ADD expr
   56     | expr . SUB expr
   57     | expr . MUL expr
   58     | expr . DIV expr
   59     | expr . MOD expr
   61     | expr . INC
   62     | expr . DEC

    ADD  shift, and go to state 45
    SUB  shift, and go to state 46
    MUL  shift, and go to state 47
    DIV  shift, and go to state 48
    MOD  shift, and go to state 49
    INC  shift, and go to state 50
    DEC  shift, and go to state 51
    MT   shift, and go to state 52
    LT   shift, and go to state 53
    MTE  shift, and go to state 54
    LTE  shift, and go to state 55

    $default  reduce using rule 47 (expr)


State 86

   15 fun_decl: type_spec ID LB params RB SEMICOLON .

    $default  reduce using rule 15 (fun_decl)


State 87

   14 fun_decl: type_spec ID LB params RB $@1 . compound_stmt

    LCB  shift, and go to state 91

    compound_stmt  go to state 92


State 88

   18 param_list: param_list COMMA param .

    $default  reduce using rule 18 (param_list)


State 89

   73 arg_list: arg_list COMMA . expr

    SUB      shift, and go to state 18
    NOT      shift, and go to state 19
    LB       shift, and go to state 20
    TRUE     shift, and go to state 21
    FALSE    shift, and go to state 22
    I_CONST  shift, and go to state 23
    F_CONST  shift, and go to state 24
    STRING   shift, and go to state 25
    ID       shift, and go to state 26

    expr  go to state 93


State 90

   65 expr: ID LB args RB .

    $default  reduce using rule 65 (expr)


State 91

   23 compound_stmt: LCB . $@2 content_list RCB

    $default  reduce using rule 22 ($@2)

    $@2  go to state 94


State 92

   14 fun_decl: type_spec ID LB params RB $@1 compound_stmt .

    $default  reduce using rule 14 (fun_decl)


State 93

   47 expr: expr . OR expr
   48     | expr . AND expr
   49     | expr . EQ expr
   50     | expr . NE expr
   51     | expr . LTE expr
   52     | expr . LT expr
   53     | expr . MTE expr
   54     | expr . MT expr
   55     | expr . ADD expr
   56     | expr . SUB expr
   57     | expr . MUL expr
   58     | expr . DIV expr
   59     | expr . MOD expr
   61     | expr . INC
   62     | expr . DEC
   73 arg_list: arg_list COMMA expr .

    ADD  shift, and go to state 45
    SUB  shift, and go to state 46
    MUL  shift, and go to state 47
    DIV  shift, and go to state 48
    MOD  shift, and go to state 49
    INC  shift, and go to state 50
    DEC  shift, and go to state 51
    MT   shift, and go to state 52
    LT   shift, and go to state 53
    MTE  shift, and go to state 54
    LTE  shift, and go to state 55
    EQ   shift, and go to state 56
    NE   shift, and go to state 57
    AND  shift, and go to state 58
    OR   shift, and go to state 59

    $default  reduce using rule 73 (arg_list)


State 94

   23 compound_stmt: LCB $@2 . content_list RCB

    $default  reduce using rule 25 (content_list)

    content_list  go to state 95


State 95

   23 compound_stmt: LCB $@2 content_list . RCB
   24 content_list: content_list . content

    PRINT    shift, and go to state 96
    IF       shift, and go to state 97
    WHILE    shift, and go to state 98
    SUB      shift, and go to state 18
    NOT      shift, and go to state 19
    LB       shift, and go to state 20
    LCB      shift, and go to state 91
    RCB      shift, and go to state 99
    TRUE     shift, and go to state 21
    FALSE    shift, and go to state 22
    RET      shift, and go to state 100
    I_CONST  shift, and go to state 23
    F_CONST  shift, and go to state 24
    STRING   shift, and go to state 101
    ID       shift, and go to state 26
    VOID     shift, and go to state 2
    INT      shift, and go to state 3
    FLOAT    shift, and go to state 4
    BOOL     shift, and go to state 5

    var_decl       go to state 102
    type_spec      go to state 103
    compound_stmt  go to state 104
    content        go to state 105
    stmt           go to state 106
    print_stmt     go to state 107
    while_stmt     go to state 108
    if_stmt        go to state 109
    return_stmt    go to state 110
    expr           go to state 111


State 96

   34 print_stmt: PRINT . LB ID RB
   35           | PRINT . LB STRING RB

    LB  shift, and go to state 112


State 97

   37 if_stmt: IF . LB expr RB stmt
   38        | IF . LB expr RB stmt ELSE stmt

    LB  shift, and go to state 113


State 98

   36 while_stmt: WHILE . LB expr RB stmt

    LB  shift, and go to state 114


State 99

   23 compound_stmt: LCB $@2 content_list RCB .

    $default  reduce using rule 23 (compound_stmt)


State 100

   39 return_stmt: RET . SEMICOLON
   40            | RET . expr SEMICOLON

    SEMICOLON  shift, and go to state 115
    SUB        shift, and go to state 18
    NOT        shift, and go to state 19
    LB         shift, and go to state 20
    TRUE       shift, and go to state 21
    FALSE      shift, and go to state 22
    I_CONST    shift, and go to state 23
    F_CONST    shift, and go to state 24
    STRING     shift, and go to state 25
    ID         shift, and go to state 26

    expr  go to state 116


State 101

   12 type_spec: STRING .
   72 expr: STRING .

    ID        reduce using rule 12 (type_spec)
    $default  reduce using rule 72 (expr)


State 102

   26 content: var_decl .

    $default  reduce using rule 26 (content)


State 103

    6 var_decl: type_spec . ID SEMICOLON
    7         | type_spec . ID ASGN expr SEMICOLON

    ID  shift, and go to state 117


State 104

   29 stmt: compound_stmt .

    $default  reduce using rule 29 (stmt)


State 105

   24 content_list: content_list content .

    $default  reduce using rule 24 (content_list)


State 106

   27 content: stmt .

    $default  reduce using rule 27 (content)


State 107

   33 stmt: print_stmt . SEMICOLON

    SEMICOLON  shift, and go to state 118


State 108

   31 stmt: while_stmt .

    $default  reduce using rule 31 (stmt)


State 109

   30 stmt: if_stmt .

    $default  reduce using rule 30 (stmt)


State 110

   32 stmt: return_stmt .

    $default  reduce using rule 32 (stmt)


State 111

   28 stmt: expr . SEMICOLON
   47 expr: expr . OR expr
   48     | expr . AND expr
   49     | expr . EQ expr
   50     | expr . NE expr
   51     | expr . LTE expr
   52     | expr . LT expr
   53     | expr . MTE expr
   54     | expr . MT expr
   55     | expr . ADD expr
   56     | expr . SUB expr
   57     | expr . MUL expr
   58     | expr . DIV expr
   59     | expr . MOD expr
   61     | expr . INC
   62     | expr . DEC

    SEMICOLON  shift, and go to state 119
    ADD        shift, and go to state 45
    SUB        shift, and go to state 46
    MUL        shift, and go to state 47
    DIV        shift, and go to state 48
    MOD        shift, and go to state 49
    INC        shift, and go to state 50
    DEC        shift, and go to state 51
    MT         shift, and go to state 52
    LT         shift, and go to state 53
    MTE        shift, and go to state 54
    LTE        shift, and go to state 55
    EQ         shift, and go to state 56
    NE         shift, and go to state 57
    AND        shift, and go to state 58
    OR         shift, and go to state 59


State 112

   34 print_stmt: PRINT LB . ID RB
   35           | PRINT LB . STRING RB

    STRING  shift, and go to state 120
    ID      shift, and go to state 121


State 113

   37 if_stmt: IF LB . expr RB stmt
   38        | IF LB . expr RB stmt ELSE stmt

    SUB      shift, and go to state 18
    NOT      shift, and go to state 19
    LB       shift, and go to state 20
    TRUE     shift, and go to state 21
    FALSE    shift, and go to state 22
    I_CONST  shift, and go to state 23
    F_CONST  shift, and go to state 24
    STRING   shift, and go to state 25
    ID       shift, and go to state 26

    expr  go to state 122


State 114

   36 while_stmt: WHILE LB . expr RB stmt

    SUB      shift, and go to state 18
    NOT      shift, and go to state 19
    LB       shift, and go to state 20
    TRUE     shift, and go to state 21
    FALSE    shift, and go to state 22
    I_CONST  shift, and go to state 23
    F_CONST  shift, and go to state 24
    STRING   shift, and go to state 25
    ID       shift, and go to state 26

    expr  go to state 123


State 115

   39 return_stmt: RET SEMICOLON .

    $default  reduce using rule 39 (return_stmt)


State 116

   40 return_stmt: RET expr . SEMICOLON
   47 expr: expr . OR expr
   48     | expr . AND expr
   49     | expr . EQ expr
   50     | expr . NE expr
   51     | expr . LTE expr
   52     | expr . LT expr
   53     | expr . MTE expr
   54     | expr . MT expr
   55     | expr . ADD expr
   56     | expr . SUB expr
   57     | expr . MUL expr
   58     | expr . DIV expr
   59     | expr . MOD expr
   61     | expr . INC
   62     | expr . DEC

    SEMICOLON  shift, and go to state 124
    ADD        shift, and go to state 45
    SUB        shift, and go to state 46
    MUL        shift, and go to state 47
    DIV        shift, and go to state 48
    MOD        shift, and go to state 49
    INC        shift, and go to state 50
    DEC        shift, and go to state 51
    MT         shift, and go to state 52
    LT         shift, and go to state 53
    MTE        shift, and go to state 54
    LTE        shift, and go to state 55
    EQ         shift, and go to state 56
    NE         shift, and go to state 57
    AND        shift, and go to state 58
    OR         shift, and go to state 59


State 117

    6 var_decl: type_spec ID . SEMICOLON
    7         | type_spec ID . ASGN expr SEMICOLON

    SEMICOLON  shift, and go to state 15
    ASGN       shift, and go to state 16


State 118

   33 stmt: print_stmt SEMICOLON .

    $default  reduce using rule 33 (stmt)


State 119

   28 stmt: expr SEMICOLON .

    $default  reduce using rule 28 (stmt)


State 120

   35 print_stmt: PRINT LB STRING . RB

    RB  shift, and go to state 125


State 121

   34 print_stmt: PRINT LB ID . RB

    RB  shift, and go to state 126


State 122

   37 if_stmt: IF LB expr . RB stmt
   38        | IF LB expr . RB stmt ELSE stmt
   47 expr: expr . OR expr
   48     | expr . AND expr
   49     | expr . EQ expr
   50     | expr . NE expr
   51     | expr . LTE expr
   52     | expr . LT expr
   53     | expr . MTE expr
   54     | expr . MT expr
   55     | expr . ADD expr
   56     | expr . SUB expr
   57     | expr . MUL expr
   58     | expr . DIV expr
   59     | expr . MOD expr
   61     | expr . INC
   62     | expr . DEC

    ADD  shift, and go to state 45
    SUB  shift, and go to state 46
    MUL  shift, and go to state 47
    DIV  shift, and go to state 48
    MOD  shift, and go to state 49
    INC  shift, and go to state 50
    DEC  shift, and go to state 51
    MT   shift, and go to state 52
    LT   shift, and go to state 53
    MTE  shift, and go to state 54
    LTE  shift, and go to state 55
    EQ   shift, and go to state 56
    NE   shift, and go to state 57
    AND  shift, and go to state 58
    OR   shift, and go to state 59
    RB   shift, and go to state 127


State 123

   36 while_stmt: WHILE LB expr . RB stmt
   47 expr: expr . OR expr
   48     | expr . AND expr
   49     | expr . EQ expr
   50     | expr . NE expr
   51     | expr . LTE expr
   52     | expr . LT expr
   53     | expr . MTE expr
   54     | expr . MT expr
   55     | expr . ADD expr
   56     | expr . SUB expr
   57     | expr . MUL expr
   58     | expr . DIV expr
   59     | expr . MOD expr
   61     | expr . INC
   62     | expr . DEC

    ADD  shift, and go to state 45
    SUB  shift, and go to state 46
    MUL  shift, and go to state 47
    DIV  shift, and go to state 48
    MOD  shift, and go to state 49
    INC  shift, and go to state 50
    DEC  shift, and go to state 51
    MT   shift, and go to state 52
    LT   shift, and go to state 53
    MTE  shift, and go to state 54
    LTE  shift, and go to state 55
    EQ   shift, and go to state 56
    NE   shift, and go to state 57
    AND  shift, and go to state 58
    OR   shift, and go to state 59
    RB   shift, and go to state 128


State 124

   40 return_stmt: RET expr SEMICOLON .

    $default  reduce using rule 40 (return_stmt)


State 125

   35 print_stmt: PRINT LB STRING RB .

    $default  reduce using rule 35 (print_stmt)


State 126

   34 print_stmt: PRINT LB ID RB .

    $default  reduce using rule 34 (print_stmt)


State 127

   37 if_stmt: IF LB expr RB . stmt
   38        | IF LB expr RB . stmt ELSE stmt

    PRINT    shift, and go to state 96
    IF       shift, and go to state 97
    WHILE    shift, and go to state 98
    SUB      shift, and go to state 18
    NOT      shift, and go to state 19
    LB       shift, and go to state 20
    LCB      shift, and go to state 91
    TRUE     shift, and go to state 21
    FALSE    shift, and go to state 22
    RET      shift, and go to state 100
    I_CONST  shift, and go to state 23
    F_CONST  shift, and go to state 24
    STRING   shift, and go to state 25
    ID       shift, and go to state 26

    compound_stmt  go to state 104
    stmt           go to state 129
    print_stmt     go to state 107
    while_stmt     go to state 108
    if_stmt        go to state 109
    return_stmt    go to state 110
    expr           go to state 111


State 128

   36 while_stmt: WHILE LB expr RB . stmt

    PRINT    shift, and go to state 96
    IF       shift, and go to state 97
    WHILE    shift, and go to state 98
    SUB      shift, and go to state 18
    NOT      shift, and go to state 19
    LB       shift, and go to state 20
    LCB      shift, and go to state 91
    TRUE     shift, and go to state 21
    FALSE    shift, and go to state 22
    RET      shift, and go to state 100
    I_CONST  shift, and go to state 23
    F_CONST  shift, and go to state 24
    STRING   shift, and go to state 25
    ID       shift, and go to state 26

    compound_stmt  go to state 104
    stmt           go to state 130
    print_stmt     go to state 107
    while_stmt     go to state 108
    if_stmt        go to state 109
    return_stmt    go to state 110
    expr           go to state 111


State 129

   37 if_stmt: IF LB expr RB stmt .
   38        | IF LB expr RB stmt . ELSE stmt

    ELSE  shift, and go to state 131

    $default  reduce using rule 37 (if_stmt)


State 130

   36 while_stmt: WHILE LB expr RB stmt .

    $default  reduce using rule 36 (while_stmt)


State 131

   38 if_stmt: IF LB expr RB stmt ELSE . stmt

    PRINT    shift, and go to state 96
    IF       shift, and go to state 97
    WHILE    shift, and go to state 98
    SUB      shift, and go to state 18
    NOT      shift, and go to state 19
    LB       shift, and go to state 20
    LCB      shift, and go to state 91
    TRUE     shift, and go to state 21
    FALSE    shift, and go to state 22
    RET      shift, and go to state 100
    I_CONST  shift, and go to state 23
    F_CONST  shift, and go to state 24
    STRING   shift, and go to state 25
    ID       shift, and go to state 26

    compound_stmt  go to state 104
    stmt           go to state 132
    print_stmt     go to state 107
    while_stmt     go to state 108
    if_stmt        go to state 109
    return_stmt    go to state 110
    expr           go to state 111


State 132

   38 if_stmt: IF LB expr RB stmt ELSE stmt .

    $default  reduce using rule 38 (if_stmt)
